2022-02-02 16:13:06,408 logging    DEBUG    Logging configured with log file @ mots.log.
2022-02-02 16:13:06,408 cli        DEBUG    Calling <function clean at 0x7fd01dd0ba60> with Namespace(debug=False, func=<function clean at 0x7fd01dd0ba60>, path=PosixPath('mots.yaml'), repo_path='.')...
2022-02-02 16:13:06,419 directory  DEBUG    Updating index for main...
2022-02-02 16:13:06,419 module     DEBUG    Expanding **/* in main...
2022-02-02 16:13:06,483 module     DEBUG    Pattern **/* expanded to 10494 included path(s).
2022-02-02 16:13:12,653 logging    DEBUG    Logging configured with log file @ mots.log.
2022-02-02 16:13:12,654 cli        DEBUG    Calling <function clean at 0x7fd2f8b45a60> with Namespace(debug=False, func=<function clean at 0x7fd2f8b45a60>, path=PosixPath('mots.yaml'), repo_path='.')...
2022-02-02 16:13:12,664 directory  DEBUG    Updating index for main...
2022-02-02 16:13:12,664 module     DEBUG    Expanding **/* in main...
2022-02-02 16:13:12,725 module     DEBUG    Pattern **/* expanded to 10494 included path(s).
2022-02-02 16:13:12,734 bmo        DEBUG    GET https://bugzilla.mozilla.org/rest/user
2022-02-02 16:13:13,274 directory  DEBUG    Initializing people directory with 1 people...
2022-02-02 16:13:13,274 directory  DEBUG    Adding person ordereddict([('bmo_id', 633708), ('name', 'Zeid Zabaneh'), ('info', '[:zeid]'), ('nick', 'zeid')]) to roster...
2022-02-02 16:13:13,275 directory  DEBUG    Person ordereddict([('bmo_id', 633708), ('name', 'Zeid Zabaneh'), ('info', '[:zeid]'), ('nick', 'zeid')]) added to position 0.
2022-02-02 16:13:13,288 cli        DEBUG    <function clean at 0x7fd2f8b45a60> took 0.634101 seconds.
2022-02-04 09:10:13,207 logging    DEBUG    Logging configured with log file @ mots.log.
2022-02-04 09:10:13,207 cli        DEBUG    Calling <function clean at 0x7f720823ca60> with Namespace(debug=False, func=<function clean at 0x7f720823ca60>, path=PosixPath('mots.yaml'), repo_path='.')...
2022-02-04 09:10:47,421 logging    DEBUG    Logging configured with log file @ mots.log.
2022-02-04 09:10:47,421 cli        DEBUG    Calling <function clean at 0x7f8c65472a60> with Namespace(debug=False, func=<function clean at 0x7f8c65472a60>, path=PosixPath('mots.yaml'), repo_path='.')...
2022-02-04 09:10:47,432 directory  DEBUG    Updating index for main...
2022-02-04 09:10:47,432 module     DEBUG    Expanding **/* in main...
2022-02-04 09:10:47,978 module     DEBUG    Pattern **/* expanded to 10497 included path(s).
2022-02-04 09:10:52,537 logging    DEBUG    Logging configured with log file @ mots.log.
2022-02-04 09:10:52,537 cli        DEBUG    Calling <function clean at 0x7f3517fdca60> with Namespace(debug=False, func=<function clean at 0x7f3517fdca60>, path=PosixPath('mots.yaml'), repo_path='.')...
2022-02-04 09:10:52,548 directory  DEBUG    Updating index for main...
2022-02-04 09:10:52,548 module     DEBUG    Expanding **/* in main...
2022-02-04 09:10:52,615 module     DEBUG    Pattern **/* expanded to 10497 included path(s).
2022-02-04 09:10:52,625 bmo        DEBUG    GET https://bugzilla.mozilla.org/rest/user
2022-02-04 09:10:53,569 bmo        ERROR    Error searching []: 400
2022-02-04 09:10:53,570 directory  DEBUG    Initializing people directory with 0 people...
2022-02-04 09:10:53,580 cli        DEBUG    <function clean at 0x7f3517fdca60> took 1.04311 seconds.
2022-02-04 10:00:19,423 logging    DEBUG    Logging configured with log file @ mots.log.
2022-02-04 10:00:19,424 cli        DEBUG    Calling <function clean at 0x7f1b59012c10> with Namespace(debug=False, func=<function clean at 0x7f1b59012c10>, path=PosixPath('mots.yaml'), repo_path='.')...
2022-02-04 10:01:01,048 logging    DEBUG    Logging configured with log file @ mots.log.
2022-02-04 10:01:01,048 cli        DEBUG    Calling <function clean at 0x7f2ec319caf0> with Namespace(debug=False, func=<function clean at 0x7f2ec319caf0>, path=PosixPath('mots.yaml'), repo_path='.')...
2022-02-04 10:01:01,062 directory  DEBUG    Updating index for main...
2022-02-04 10:01:01,063 module     DEBUG    Expanding **/* in main...
2022-02-04 10:01:01,138 module     DEBUG    Pattern **/* expanded to 9572 included path(s).
2022-02-04 10:01:01,148 bmo        DEBUG    GET https://bugzilla.mozilla.org/rest/user
2022-02-04 10:01:01,826 bmo        ERROR    Error searching []: 400
2022-02-04 10:01:01,827 directory  DEBUG    Initializing people directory with 0 people...
2022-02-04 10:20:09,259 logging    DEBUG    Logging configured with log file @ mots.log.
2022-02-04 10:20:09,260 cli        DEBUG    Calling <function clean at 0x7f799fc8daf0> with Namespace(debug=False, func=<function clean at 0x7f799fc8daf0>, path=PosixPath('mots.yaml'), repo_path='.')...
2022-02-04 10:20:09,271 directory  DEBUG    Updating index for main...
2022-02-04 10:20:09,271 module     DEBUG    Expanding **/* in main...
2022-02-04 10:20:09,331 module     DEBUG    Pattern **/* expanded to 9571 included path(s).
2022-02-04 10:20:09,340 bmo        DEBUG    GET https://bugzilla.mozilla.org/rest/user
2022-02-04 10:20:10,138 bmo        ERROR    Error searching []: 400
2022-02-04 10:20:10,139 directory  DEBUG    Initializing people directory with 0 people...
2022-02-04 10:20:10,151 cli        DEBUG    <function clean at 0x7f799fc8daf0> took 0.891843 seconds.
2022-02-04 10:20:32,011 logging    DEBUG    Logging configured with log file @ mots.log.
2022-02-04 10:20:32,011 cli        DEBUG    Calling <function clean at 0x7fc1af749b80> with Namespace(debug=True, func=<function clean at 0x7fc1af749b80>, path=PosixPath('mots.yaml'), repo_path='.')...
2022-02-04 10:20:32,023 directory  DEBUG    Updating index for main...
2022-02-04 10:20:32,023 module     DEBUG    Expanding **/* in main...
2022-02-04 10:20:32,088 module     DEBUG    Pattern **/* expanded to 9571 included path(s).
2022-02-04 10:20:32,098 bmo        DEBUG    GET https://bugzilla.mozilla.org/rest/user
2022-02-04 10:20:32,484 directory  DEBUG    Initializing people directory with 1 people...
2022-02-04 10:20:32,484 directory  DEBUG    Adding person ordereddict([('bmo_id', 633708), ('name', 'Zeid Zabaneh'), ('info', '[:zeid]'), ('nick', 'zeid')]) to roster...
2022-02-04 10:20:32,484 directory  DEBUG    Person ordereddict([('bmo_id', 633708), ('name', 'Zeid Zabaneh'), ('info', '[:zeid]'), ('nick', 'zeid')]) added to position 0.
2022-02-04 10:20:32,497 cli        DEBUG    <function clean at 0x7fc1af749b80> took 0.485639 seconds.
2022-02-04 10:21:13,693 logging    DEBUG    Logging configured with log file @ mots.log.
2022-02-04 10:21:13,693 cli        DEBUG    Calling <function clean at 0x7fc26a269b80> with Namespace(debug=True, func=<function clean at 0x7fc26a269b80>, path=PosixPath('mots.yaml'), repo_path='.')...
2022-02-04 10:21:13,704 directory  DEBUG    Updating index for main...
2022-02-04 10:21:13,704 module     DEBUG    Expanding **/* in main...
2022-02-04 10:21:13,775 module     DEBUG    Pattern **/* expanded to 9571 included path(s).
2022-02-04 10:21:13,785 bmo        DEBUG    GET https://bugzilla.mozilla.org/rest/user
2022-02-04 10:21:14,544 bmo        ERROR    Error searching []: 400
2022-02-04 10:21:14,545 directory  DEBUG    Initializing people directory with 0 people...
2022-02-04 10:21:14,559 cli        DEBUG    <function clean at 0x7fc26a269b80> took 0.865727 seconds.
2022-02-04 12:45:07,582 logging    DEBUG    Logging configured with log file @ mots.log.
2022-02-04 12:45:07,582 cli        DEBUG    Calling <function query at 0x7ff08939dc10> with Namespace(debug=False, func=<function query at 0x7ff08939dc10>, path=PosixPath('mots.yaml'), paths=['mots.yaml'])...
2022-02-04 12:45:07,590 directory  DEBUG    Updating index for main...
2022-02-04 12:45:07,590 module     DEBUG    Expanding **/* in main...
2022-02-04 12:45:07,649 module     DEBUG    Pattern **/* expanded to 9571 included path(s).
2022-02-04 12:45:07,656 bmo        DEBUG    GET https://bugzilla.mozilla.org/rest/user
2022-02-04 12:45:08,089 directory  DEBUG    Initializing people directory with 1 people...
2022-02-04 12:45:08,089 directory  DEBUG    Adding person ordereddict([('bmo_id', 633708), ('name', 'Zeid Zabaneh'), ('info', '[:zeid]'), ('nick', 'zeid')]) to roster...
2022-02-04 12:45:08,089 directory  DEBUG    Person ordereddict([('bmo_id', 633708), ('name', 'Zeid Zabaneh'), ('info', '[:zeid]'), ('nick', 'zeid')]) added to position 0.
2022-02-04 12:45:08,089 directory  DEBUG    Query ('mots.yaml',) resolved to {'mots.yaml': [<Module: main>]}.
2022-02-04 12:45:08,090 directory  WARNING  No bugzilla data was provided for user 633708
2022-02-04 12:45:08,093 cli        DEBUG    <function query at 0x7ff08939dc10> took 0.510722 seconds.
2022-02-04 12:45:14,804 logging    DEBUG    Logging configured with log file @ mots.log.
2022-02-04 12:45:14,804 cli        DEBUG    Calling <function query at 0x7fbc73053c10> with Namespace(debug=True, func=<function query at 0x7fbc73053c10>, path=PosixPath('mots.yaml'), paths=['mots.yaml'])...
2022-02-04 12:45:14,812 directory  DEBUG    Updating index for main...
2022-02-04 12:45:14,812 module     DEBUG    Expanding **/* in main...
2022-02-04 12:45:14,869 module     DEBUG    Pattern **/* expanded to 9571 included path(s).
2022-02-04 12:45:14,877 bmo        DEBUG    GET https://bugzilla.mozilla.org/rest/user
2022-02-04 12:45:15,266 directory  DEBUG    Initializing people directory with 1 people...
2022-02-04 12:45:15,266 directory  DEBUG    Adding person ordereddict([('bmo_id', 633708), ('name', 'Zeid Zabaneh'), ('info', '[:zeid]'), ('nick', 'zeid')]) to roster...
2022-02-04 12:45:15,267 directory  DEBUG    Person ordereddict([('bmo_id', 633708), ('name', 'Zeid Zabaneh'), ('info', '[:zeid]'), ('nick', 'zeid')]) added to position 0.
2022-02-04 12:45:15,267 directory  DEBUG    Query ('mots.yaml',) resolved to {'mots.yaml': [<Module: main>]}.
2022-02-04 12:45:15,267 directory  WARNING  No bugzilla data was provided for user 633708
2022-02-04 12:45:15,270 cli        DEBUG    <function query at 0x7fbc73053c10> took 0.465245 seconds.
2022-02-04 12:45:58,954 logging    DEBUG    Logging configured with log file @ mots.log.
2022-02-04 12:45:58,954 cli        DEBUG    Calling <function query at 0x7f3f2d56cb80> with Namespace(debug=True, func=<function query at 0x7f3f2d56cb80>, path=PosixPath('mots.yaml'), paths=['mots.yaml'])...
2022-02-04 12:45:58,962 directory  DEBUG    Updating index for main...
2022-02-04 12:45:58,962 module     DEBUG    Expanding **/* in main...
2022-02-04 12:45:59,030 module     DEBUG    Pattern **/* expanded to 9572 included path(s).
2022-02-04 12:45:59,038 bmo        DEBUG    GET https://bugzilla.mozilla.org/rest/user
2022-02-04 12:45:59,427 directory  DEBUG    Initializing people directory with 1 people...
2022-02-04 12:45:59,428 directory  DEBUG    Adding person ordereddict([('bmo_id', 633708), ('name', 'Zeid Zabaneh'), ('info', '[:zeid]'), ('nick', 'zeid')]) to roster...
2022-02-04 12:45:59,429 directory  DEBUG    Person ordereddict([('bmo_id', 633708), ('name', 'Zeid Zabaneh'), ('info', '[:zeid]'), ('nick', 'zeid')]) added to position 0.
2022-02-04 12:45:59,429 directory  DEBUG    Query ('mots.yaml',) resolved to {'mots.yaml': [<Module: main>]}.
2022-02-04 12:45:59,433 cli        DEBUG    <function query at 0x7f3f2d56cb80> took 0.478432 seconds.
2022-02-04 12:46:01,299 logging    DEBUG    Logging configured with log file @ mots.log.
2022-02-04 12:46:01,299 cli        DEBUG    Calling <function query at 0x7f109916bb80> with Namespace(debug=False, func=<function query at 0x7f109916bb80>, path=PosixPath('mots.yaml'), paths=['mots.yaml'])...
2022-02-04 12:46:01,307 directory  DEBUG    Updating index for main...
2022-02-04 12:46:01,307 module     DEBUG    Expanding **/* in main...
2022-02-04 12:46:01,367 module     DEBUG    Pattern **/* expanded to 9572 included path(s).
2022-02-04 12:46:01,375 bmo        DEBUG    GET https://bugzilla.mozilla.org/rest/user
2022-02-04 12:46:01,770 directory  DEBUG    Initializing people directory with 1 people...
2022-02-04 12:46:01,770 directory  DEBUG    Adding person ordereddict([('bmo_id', 633708), ('name', 'Zeid Zabaneh'), ('info', '[:zeid]'), ('nick', 'zeid')]) to roster...
2022-02-04 12:46:01,771 directory  DEBUG    Person ordereddict([('bmo_id', 633708), ('name', 'Zeid Zabaneh'), ('info', '[:zeid]'), ('nick', 'zeid')]) added to position 0.
2022-02-04 12:46:01,771 directory  DEBUG    Query ('mots.yaml',) resolved to {'mots.yaml': [<Module: main>]}.
2022-02-04 12:46:01,775 cli        DEBUG    <function query at 0x7f109916bb80> took 0.475524 seconds.
